 ***   ********         *************    
 ***   ***     ***      *************    
 ***   ***       ***    ***              
 ***   ***        ***   *************                     |                         
 ***   ***        ***   *************      _        _     |        _        _       
 ***   ***       ***    ***              /   \   |/   \   |  |  |/   \    /   \     
 ***   ***     ***      *************   |     |  |     |  |  |  |     |  |-----     
 ***   *********        *************    \ _ /   |     |  |  |  |     |   \ _ _     

{http-nio-8080-exec-2} INFO  org.gcszhn.system.service.UserDaoImpl - Authentication successfully!
{http-nio-8080-exec-4} INFO  org.gcszhn.system.service.UserDaoImpl - Authentication successfully!
{http-nio-8080-exec-6} INFO  org.gcszhn.system.service.UserDaoImpl - Authentication successfully!
{http-nio-8080-exec-8} INFO  org.gcszhn.system.service.UserDaoImpl - Authentication successfully!
{http-nio-8080-exec-1} INFO  org.gcszhn.system.service.UserDaoImpl - Authentication successfully!
{http-nio-8080-exec-3} INFO  org.gcszhn.system.service.UserDaoImpl - Authentication successfully!
{http-nio-8080-exec-5} INFO  org.gcszhn.system.service.UserDaoImpl - Authentication successfully!
{http-nio-8080-exec-7} INFO  org.gcszhn.system.service.UserDaoImpl - Authentication successfully!
{http-nio-8080-exec-9} INFO  org.gcszhn.system.service.UserDaoImpl - Authentication successfully!
{http-nio-8080-exec-1} INFO  org.gcszhn.system.service.UserDaoImpl - Authentication successfully!
{http-nio-8080-exec-3} INFO  org.gcszhn.system.service.UserDaoImpl - Authentication successfully!
{http-nio-8080-exec-6} INFO  org.gcszhn.system.service.UserDaoImpl - Authentication successfully!
{http-nio-8080-exec-8} INFO  org.gcszhn.system.service.UserDaoImpl - Authentication successfully!
{http-nio-8080-exec-10} INFO  org.gcszhn.system.service.UserDaoImpl - Authentication successfully!
{http-nio-8080-exec-3} INFO  org.gcszhn.system.service.UserDaoImpl - Authentication successfully!
{http-nio-8080-exec-5} INFO  org.gcszhn.system.service.UserDaoImpl - Authentication successfully!
{http-nio-8080-exec-7} INFO  org.gcszhn.system.service.UserDaoImpl - Authentication successfully!
{http-nio-8080-exec-9} INFO  org.gcszhn.system.service.UserDaoImpl - Authentication successfully!
{http-nio-8080-exec-1} INFO  org.gcszhn.system.service.UserDaoImpl - Authentication successfully!
{http-nio-8080-exec-3} INFO  org.gcszhn.system.service.UserDaoImpl - Authentication successfully!
{http-nio-8080-exec-5} INFO  org.gcszhn.system.service.UserDaoImpl - Authentication successfully!
{http-nio-8080-exec-7} INFO  org.gcszhn.system.service.UserDaoImpl - Authentication successfully!
{http-nio-8080-exec-9} INFO  org.gcszhn.system.service.UserDaoImpl - Authentication successfully!
{http-nio-8080-exec-1} INFO  org.gcszhn.system.service.UserDaoImpl - Authentication successfully!
{http-nio-8080-exec-3} INFO  org.gcszhn.system.service.UserDaoImpl - Authentication successfully!
{http-nio-8080-exec-6} INFO  org.gcszhn.system.service.UserDaoImpl - Authentication successfully!
{http-nio-8080-exec-8} INFO  org.gcszhn.system.service.UserDaoImpl - Authentication successfully!
{http-nio-8080-exec-1} INFO  org.gcszhn.system.service.UserDaoImpl - Authentication successfully!
{http-nio-8080-exec-3} INFO  org.gcszhn.system.service.UserDaoImpl - Authentication successfully!
{http-nio-8080-exec-5} INFO  org.gcszhn.system.service.UserDaoImpl - Authentication successfully!
{http-nio-8080-exec-7} INFO  org.gcszhn.system.service.UserDaoImpl - Authentication successfully!
